<?xml version="1.0" encoding="UTF-8"?>
<!-- Generated by org.testng.reporters.JUnitReportReporter -->
<testsuite hostname="DESKTOP-78H3ES3" failures="0" tests="2" name="tests.CompareTest" time="6.585" errors="0" timestamp="2023-12-02T22:48:52 EET" skipped="0">
  <testcase classname="tests.CompareTest" name="productsComparison" time="5.279"/>
  <system-out/>
  <testcase classname="tests.CompareTest" name="clearProductsComparison" time="1.306"/>
  <system-out/>
</testsuite> <!-- tests.CompareTest -->
