<?xml version="1.0" encoding="UTF-8"?>
<!-- Generated by org.testng.reporters.JUnitReportReporter -->
<testsuite hostname="DESKTOP-78H3ES3" failures="0" tests="2" name="tests.ChangeCurrencyTest" time="3.901" errors="0" timestamp="2023-12-05T21:18:05 EET" skipped="0">
  <testcase classname="tests.ChangeCurrencyTest" name="userCanSearchForProductsByAutoSuggestion" time="2.529"/>
  <system-out/>
  <testcase classname="tests.ChangeCurrencyTest" name="userCanChangeCurrency" time="1.372"/>
  <system-out/>
</testsuite> <!-- tests.ChangeCurrencyTest -->
