<?xml version="1.0" encoding="UTF-8"?>
<!-- Generated by org.testng.reporters.JUnitReportReporter -->
<testsuite hostname="RadwaH-HR" failures="0" tests="1" name="tests.LoginTest" time="1.211" errors="0" timestamp="2023-11-12T20:46:56 EET" skipped="0">
  <testcase classname="tests.LoginTest" name="registeredUserCanLoginSuccessfully" time="1.211"/>
  <system-out/>
</testsuite> <!-- tests.LoginTest -->
