<?xml version="1.0" encoding="UTF-8"?>
<!-- Generated by org.testng.reporters.JUnitReportReporter -->
<testsuite hostname="DESKTOP-78H3ES3" failures="0" tests="3" name="tests.AddProductToWishlistTest" time="10.427" errors="0" timestamp="2023-12-05T21:18:31 EET" skipped="0">
  <testcase classname="tests.AddProductToWishlistTest" name="userCanSearchForProductsByAutoSuggestion" time="4.532"/>
  <system-out/>
  <testcase classname="tests.AddProductToWishlistTest" name="userCanAddProductToWishlistPage" time="3.538"/>
  <system-out/>
  <testcase classname="tests.AddProductToWishlistTest" name="userCanRemoveProductFromWishlistPage" time="2.357"/>
  <system-out/>
</testsuite> <!-- tests.AddProductToWishlistTest -->
