<?xml version="1.0" encoding="UTF-8"?>
<!-- Generated by org.testng.reporters.JUnitReportReporter -->
<testsuite hostname="DESKTOP-78H3ES3" failures="0" tests="4" name="tests.EmailToFriendTest" time="6.484" errors="0" timestamp="2023-12-05T21:17:43 EET" skipped="0">
  <testcase classname="tests.EmailToFriendTest" name="userCanRegisterSuccessfully" time="1.843"/>
  <system-out/>
  <testcase classname="tests.EmailToFriendTest" name="registerUserCanLoginSuccessfully" time="1.155"/>
  <system-out/>
  <testcase classname="tests.EmailToFriendTest" name="registerUserCanSearchForProduct" time="1.744"/>
  <system-out/>
  <testcase classname="tests.EmailToFriendTest" name="registerUserCanemailProductToFriend" time="1.742"/>
  <system-out/>
</testsuite> <!-- tests.EmailToFriendTest -->
