<?xml version="1.0" encoding="UTF-8"?>
<!-- Generated by org.testng.reporters.JUnitReportReporter -->
<testsuite hostname="DESKTOP-78H3ES3" failures="0" tests="4" name="tests.AddToCartTest" time="9.202" errors="0" timestamp="2023-12-05T21:23:05 EET" skipped="0">
  <testcase classname="tests.AddToCartTest" name="userCanSearchForProductsByAutoSuggestion" time="4.675"/>
  <system-out/>
  <testcase classname="tests.AddToCartTest" name="userCanAddProductToCartAndOpenCartPage" time="1.216"/>
  <system-out/>
  <testcase classname="tests.AddToCartTest" name="userCanUpdateQty" time="0.788"/>
  <system-out/>
  <testcase classname="tests.AddToCartTest" name="userRemoveProductsFromCart" time="2.523"/>
  <system-out/>
</testsuite> <!-- tests.AddToCartTest -->
